<?xml version="1.0" encoding="UTF-8"?>
<testng-results ignored="0" total="0" passed="0" failed="0" skipped="0">
  <reporter-output>
  </reporter-output>
  <suite started-at="2022-03-15T11:29:56 CET" name="test.common.TestBase" finished-at="2022-03-15T11:29:56 CET" duration-ms="4">
    <groups>
    </groups>
    <test started-at="2022-03-15T11:29:56 CET" name="Command line test" finished-at="2022-03-15T11:29:56 CET" duration-ms="4">
    </test> <!-- Command line test -->
  </suite> <!-- test.common.TestBase -->
</testng-results>
